[2026-07-19 00:48:42] ----------------------------------------
[2026-07-19 00:48:42] Starter arkivering
[2026-07-19 00:48:42] Arkiverer 2026-07-18
[2026-07-19 00:48:43] Arkivering færdig
[2026-07-19 00:51:18] ----------------------------------------
[2026-07-19 00:51:18] Starter arkivering
[2026-07-19 00:51:18] Arkiverer 2026-07-18
[2026-07-19 00:51:18] Arkivering færdig
[2026-07-19 00:55:23] ==================================================
[2026-07-19 00:55:23] Frigate Archive Manager v1.1
[2026-07-19 00:55:23] Starter arkivering
[2026-07-19 00:55:24] Arkiverer dato: 2026-07-18
[2026-07-19 00:55:24] Kildefiler: 229
[2026-07-19 00:55:24] Verificerer dato: 2026-07-18
[2026-07-19 00:55:24] Verificering OK: 2026-07-18
[2026-07-19 00:55:24] Arkivering færdig
[2026-07-19 00:55:24] Behandlede datoer: 1
[2026-07-19 00:55:24] Kontrollerede kildefiler: 229
[2026-07-19 00:55:24] Køretid: 1 sekunder
[2026-07-19 00:55:24] Status: SUCCESS
[2026-07-19 00:55:24] ==================================================
[2026-07-19 00:56:17] ==================================================
[2026-07-19 00:56:17] Frigate Archive Manager v1.1
[2026-07-19 00:56:17] Starter arkivering
[2026-07-19 00:56:18] Arkiverer dato: 2026-07-18
[2026-07-19 00:56:18] Kildefiler: 229
[2026-07-19 00:56:18] Verificerer dato: 2026-07-18
[2026-07-19 00:56:18] Verificering OK: 2026-07-18
[2026-07-19 00:56:18] Arkivering færdig
[2026-07-19 00:56:18] Behandlede datoer: 1
[2026-07-19 00:56:18] Kontrollerede kildefiler: 229
[2026-07-19 00:56:18] Køretid: 1 sekunder
[2026-07-19 00:56:18] Status: SUCCESS
[2026-07-19 00:56:18] ==================================================
[2026-07-19 01:01:46] ==================================================
[2026-07-19 01:01:46] Frigate Archive Manager v1.3
[2026-07-19 01:01:46] Starter arkivering
[2026-07-19 01:01:46] Arkiverer dato: 2026-07-18
[2026-07-19 01:01:46] Filer: 229
[2026-07-19 01:01:46] ERROR: Uventet fejl på linje 103, kode 2
[2026-07-19 01:01:46] Størrelse: [2026-07-19 01:01:46] ERROR: Uventet fejl på linje 103, kode 2
[2026-07-19 01:01:47] Verificerer: 2026-07-18
[2026-07-19 01:01:47] Arkivering færdig
[2026-07-19 01:01:47] Nye datoer: 0
[2026-07-19 01:01:47] Sprunget over: 0
[2026-07-19 01:01:47] Nye filer: 229
[2026-07-19 01:01:47] Ny datamængde: 0.00B
[2026-07-19 01:01:47] Køretid: 1 sekunder
[2026-07-19 01:01:47] Status: SUCCESS
[2026-07-19 01:01:47] ==================================================
